D:\VISUAL STUDIO 2012\PROJECTS\算法项目\算法模型\统计\DEBUG\DEMO.OBJ
D:\VISUAL STUDIO 2012\PROJECTS\算法项目\算法模型\统计\DEBUG\VC110.PDB
D:\VISUAL STUDIO 2012\PROJECTS\算法项目\算法模型\DEBUG\统计.ILK
D:\VISUAL STUDIO 2012\PROJECTS\算法项目\算法模型\DEBUG\统计.EXE
D:\VISUAL STUDIO 2012\PROJECTS\算法项目\算法模型\DEBUG\统计.PDB
D:\Visual Studio 2012\Projects\算法项目\算法模型\统计\Debug\demo.obj
D:\Visual Studio 2012\Projects\算法项目\算法模型\统计\Debug\cl.command.1.tlog
D:\Visual Studio 2012\Projects\算法项目\算法模型\统计\Debug\CL.read.1.tlog
D:\Visual Studio 2012\Projects\算法项目\算法模型\统计\Debug\CL.write.1.tlog
D:\Visual Studio 2012\Projects\算法项目\算法模型\统计\Debug\link-cvtres.read.1.tlog
D:\Visual Studio 2012\Projects\算法项目\算法模型\统计\Debug\link-cvtres.write.1.tlog
D:\Visual Studio 2012\Projects\算法项目\算法模型\统计\Debug\link-rc.read.1.tlog
D:\Visual Studio 2012\Projects\算法项目\算法模型\统计\Debug\link-rc.write.1.tlog
D:\Visual Studio 2012\Projects\算法项目\算法模型\统计\Debug\link.command.1.tlog
D:\Visual Studio 2012\Projects\算法项目\算法模型\统计\Debug\link.read.1.tlog
D:\Visual Studio 2012\Projects\算法项目\算法模型\统计\Debug\link.write.1.tlog
D:\Visual Studio 2012\Projects\算法项目\算法模型\统计\Debug\vc110.idb
D:\Visual Studio 2012\Projects\算法项目\算法模型\统计\Debug\vc110.pdb
D:\Visual Studio 2012\Projects\算法项目\算法模型\Debug\统计.pdb
D:\Visual Studio 2012\Projects\算法项目\算法模型\Debug\统计.exe
D:\Visual Studio 2012\Projects\算法项目\算法模型\Debug\统计.ilk
